<?xml version="1.0" encoding="UTF-8"?>
<testng-results skipped="0" failed="0" ignored="0" total="1" passed="1">
  <reporter-output>
  </reporter-output>
  <suite name="Default Suite" duration-ms="59" started-at="2022-10-19T19:49:15Z" finished-at="2022-10-19T19:49:15Z">
    <groups>
    </groups>
    <test name="TestNG_maven" duration-ms="59" started-at="2022-10-19T19:49:15Z" finished-at="2022-10-19T19:49:15Z">
      <class name="TestCases">
        <test-method status="PASS" signature="setUp()[pri:0, instance:TestCases@326de728]" name="setUp" duration-ms="14" started-at="2022-10-19T19:49:15Z" finished-at="2022-10-19T19:49:15Z">
          <reporter-output>
          </reporter-output>
        </test-method> <!-- setUp -->
      </class> <!-- TestCases -->
    </test> <!-- TestNG_maven -->
  </suite> <!-- Default Suite -->
</testng-results>
